\BOOKMARK [1][-]{section.1}{\376\377\000I\000n\000t\000r\000o\000d\000u\000c\000t\000i\000o\000n}{}% 1
\BOOKMARK [1][-]{section.2}{\376\377\000T\000h\000e\000o\000r\000e\000t\000i\000c\000a\000l\000\040\000F\000r\000a\000m\000e\000w\000o\000r\000k}{}% 2
\BOOKMARK [2][-]{subsection.2.1}{\376\377\000J\000u\000s\000t\000\040\000I\000n\000t\000o\000n\000a\000t\000i\000o\000n}{section.2}% 3
\BOOKMARK [2][-]{subsection.2.2}{\376\377\000A\000d\000a\000p\000t\000i\000v\000e\000\040\000J\000u\000s\000t\000\040\000I\000n\000t\000o\000n\000a\000t\000i\000o\000n\000\040\000S\000y\000s\000t\000e\000m\000s}{section.2}% 4
\BOOKMARK [2][-]{subsection.2.3}{\376\377\000B\000a\000r\000b\000e\000r\000s\000h\000o\000p\000\040\000M\000u\000s\000i\000c}{section.2}% 5
\BOOKMARK [2][-]{subsection.2.4}{\376\377\000R\000e\000l\000e\000v\000a\000n\000c\000e\000\040\000t\000o\000\040\000K\000I}{section.2}% 6
\BOOKMARK [1][-]{section.3}{\376\377\000M\000e\000t\000h\000o\000d\000o\000l\000o\000g\000y}{}% 7
\BOOKMARK [1][-]{section.4}{\376\377\000A\000l\000g\000o\000r\000i\000t\000h\000m}{}% 8
\BOOKMARK [1][-]{section.5}{\376\377\000C\000\040\000I\000m\000p\000l\000e\000m\000e\000n\000t\000a\000t\000i\000o\000n}{}% 9
\BOOKMARK [1][-]{section.6}{\376\377\000R\000e\000s\000u\000l\000t\000s}{}% 10
\BOOKMARK [1][-]{section.7}{\376\377\000D\000i\000s\000c\000u\000s\000s\000i\000o\000n}{}% 11
\BOOKMARK [2][-]{subsection.7.1}{\376\377\000R\000e\000s\000u\000l\000t\000s\000\040\000e\000v\000a\000l\000u\000a\000t\000i\000o\000n}{section.7}% 12
\BOOKMARK [2][-]{subsection.7.2}{\376\377\000I\000n\000\040\000m\000u\000s\000i\000c\000a\000l\000\040\000c\000o\000n\000t\000e\000x\000t\000s}{section.7}% 13
\BOOKMARK [2][-]{subsection.7.3}{\376\377\000P\000h\000i\000l\000o\000s\000o\000p\000h\000i\000c\000a\000l\000\040\000F\000r\000a\000m\000e\000w\000o\000r\000k}{section.7}% 14
\BOOKMARK [2][-]{subsection.7.4}{\376\377\000F\000u\000t\000u\000r\000e\000\040\000W\000o\000r\000k}{section.7}% 15
\BOOKMARK [2][-]{subsection.7.5}{\376\377\000C\000o\000d\000e\000\040\000A\000v\000a\000i\000l\000a\000b\000i\000l\000i\000t\000y}{section.7}% 16
\BOOKMARK [1][-]{section*.10}{\376\377\000A\000p\000p\000e\000n\000d\000i\000c\000e\000s}{}% 17
\BOOKMARK [1][-]{appendix.1.A}{\376\377\000I\000n\000p\000u\000t\000\040\000l\000a\000n\000g\000u\000a\000g\000e}{}% 18
\BOOKMARK [2][-]{subsection.1.A.1}{\376\377\000S\000o\000n\000g\000s}{appendix.1.A}% 19
\BOOKMARK [2][-]{subsection.1.A.2}{\376\377\000F\000r\000a\000c\000t\000i\000o\000n\000s}{appendix.1.A}% 20
